This file contains any messages produced by compilers while
running configure, to aid debugging if configure makes a mistake.

It was created by PCRE2 configure 10.40, which was
generated by GNU Autoconf 2.71.  Invocation command line was

  $ ./configure --prefix=/usr --docdir=/usr/share/doc/pcre2-10.40 --enable-unicode --enable-jit --enable-pcre2-16 --enable-pcre2-32 --enable-pcre2grep-libz --enable-pcre2grep-libbz2 --enable-pcre2test-libreadline --disable-static -enable-pcre2-8

## --------- ##
## Platform. ##
## --------- ##

hostname = instance-20220112-2214
uname -m = x86_64
uname -r = 4.18.0-348.2.1.el8_5.x86_64
uname -s = Linux
uname -v = #1 SMP Tue Nov 16 14:42:35 UTC 2021

/usr/bin/uname -p = x86_64
/bin/uname -X     = unknown

/bin/arch              = x86_64
/usr/bin/arch -k       = unknown
/usr/convex/getsysinfo = unknown
/usr/bin/hostinfo      = unknown
/bin/machine           = unknown
/usr/bin/oslevel       = unknown
/bin/universe          = unknown

PATH: /home/opc/.vscode-server/bin/30d9c6cd9483b2cc586687151bcbcd635f373630/bin/remote-cli/
PATH: /home/opc/.cargo/bin/
PATH: /home/opc/.nvm/versions/node/v16.13.2/bin/
PATH: /home/opc/.local/bin/
PATH: /home/opc/bin/
PATH: /usr/local/bin/
PATH: /usr/bin/
PATH: /usr/local/sbin/
PATH: /usr/sbin/
PATH: /home/opc/.go/bin/
PATH: /home/opc/go/bin/
PATH: /home/opc/.go/bin/
PATH: /home/opc/go/bin/


## ----------- ##
## Core tests. ##
## ----------- ##

configure:2666: looking for aux files: config.guess config.sub ltmain.sh ar-lib compile missing install-sh
configure:2679:  trying ./
configure:2708:   ./config.guess found
configure:2708:   ./config.sub found
configure:2708:   ./ltmain.sh found
configure:2708:   ./ar-lib found
configure:2708:   ./compile found
configure:2708:   ./missing found
configure:2690:   ./install-sh found
configure:2838: checking for a BSD-compatible install
configure:2911: result: /usr/bin/install -c
configure:2922: checking whether build environment is sane
configure:2977: result: yes
configure:3136: checking for a race-free mkdir -p
configure:3180: result: /usr/bin/mkdir -p
configure:3187: checking for gawk
configure:3208: found /usr/bin/gawk
configure:3219: result: gawk
configure:3230: checking whether make sets $(MAKE)
configure:3253: result: yes
configure:3283: checking whether make supports nested variables
configure:3301: result: yes
configure:3449: checking whether make supports nested variables
configure:3467: result: yes
configure:3556: checking for gcc
configure:3577: found /usr/bin/gcc
configure:3588: result: gcc
configure:3941: checking for C compiler version
configure:3950: gcc --version >&5
gcc (GCC) 8.5.0 20210514 (Red Hat 8.5.0-13)
Copyright (C) 2018 Free Software Foundation, Inc.
This is free software; see the source for copying conditions.  There is NO
warranty; not even for MERCHANTABILITY or FITNESS FOR A PARTICULAR PURPOSE.

configure:3961: $? = 0
configure:3950: gcc -v >&5
Using built-in specs.
COLLECT_GCC=gcc
COLLECT_LTO_WRAPPER=/usr/libexec/gcc/x86_64-redhat-linux/8/lto-wrapper
OFFLOAD_TARGET_NAMES=nvptx-none
OFFLOAD_TARGET_DEFAULT=1
Target: x86_64-redhat-linux
Configured with: ../configure --enable-bootstrap --enable-languages=c,c++,fortran,lto --prefix=/usr --mandir=/usr/share/man --infodir=/usr/share/info --with-bugurl=http://bugzilla.redhat.com/bugzilla --enable-shared --enable-threads=posix --enable-checking=release --enable-multilib --with-system-zlib --enable-__cxa_atexit --disable-libunwind-exceptions --enable-gnu-unique-object --enable-linker-build-id --with-gcc-major-version-only --with-linker-hash-style=gnu --enable-plugin --enable-initfini-array --with-isl --disable-libmpx --enable-offload-targets=nvptx-none --without-cuda-driver --enable-gnu-indirect-function --enable-cet --with-tune=generic --with-arch_32=x86-64 --build=x86_64-redhat-linux
Thread model: posix
gcc version 8.5.0 20210514 (Red Hat 8.5.0-13) (GCC) 
configure:3961: $? = 0
configure:3950: gcc -V >&5
gcc: error: unrecognized command line option '-V'
gcc: fatal error: no input files
compilation terminated.
configure:3961: $? = 1
configure:3950: gcc -qversion >&5
gcc: error: unrecognized command line option '-qversion'; did you mean '--version'?
gcc: fatal error: no input files
compilation terminated.
configure:3961: $? = 1
configure:3950: gcc -version >&5
gcc: error: unrecognized command line option '-version'
gcc: fatal error: no input files
compilation terminated.
configure:3961: $? = 1
configure:3981: checking whether the C compiler works
configure:4003: gcc    conftest.c  >&5
configure:4007: $? = 0
configure:4057: result: yes
configure:4060: checking for C compiler default output file name
configure:4062: result: a.out
configure:4068: checking for suffix of executables
configure:4075: gcc -o conftest    conftest.c  >&5
configure:4079: $? = 0
configure:4102: result: 
configure:4124: checking whether we are cross compiling
configure:4132: gcc -o conftest    conftest.c  >&5
configure:4136: $? = 0
configure:4143: ./conftest
configure:4147: $? = 0
configure:4162: result: no
configure:4167: checking for suffix of object files
configure:4190: gcc -c   conftest.c >&5
configure:4194: $? = 0
configure:4216: result: o
configure:4220: checking whether the compiler supports GNU C
configure:4240: gcc -c   conftest.c >&5
configure:4240: $? = 0
configure:4250: result: yes
configure:4261: checking whether gcc accepts -g
configure:4282: gcc -c -g  conftest.c >&5
configure:4282: $? = 0
configure:4326: result: yes
configure:4346: checking for gcc option to enable C11 features
configure:4361: gcc  -c -g -O2  conftest.c >&5
configure:4361: $? = 0
configure:4379: result: none needed
configure:4495: checking whether gcc understands -c and -o together
configure:4518: gcc -c conftest.c -o conftest2.o
configure:4521: $? = 0
configure:4518: gcc -c conftest.c -o conftest2.o
configure:4521: $? = 0
configure:4533: result: yes
configure:4553: checking whether make supports the include directive
configure:4568: make -f confmf.GNU && cat confinc.out
this is the am__doit target
configure:4571: $? = 0
configure:4590: result: yes (GNU style)
configure:4616: checking dependency style of gcc
configure:4728: result: gcc3
configure:4749: checking for stdio.h
configure:4749: gcc -c -g -O2  conftest.c >&5
configure:4749: $? = 0
configure:4749: result: yes
configure:4749: checking for stdlib.h
configure:4749: gcc -c -g -O2  conftest.c >&5
configure:4749: $? = 0
configure:4749: result: yes
configure:4749: checking for string.h
configure:4749: gcc -c -g -O2  conftest.c >&5
configure:4749: $? = 0
configure:4749: result: yes
configure:4749: checking for inttypes.h
configure:4749: gcc -c -g -O2  conftest.c >&5
configure:4749: $? = 0
configure:4749: result: yes
configure:4749: checking for stdint.h
configure:4749: gcc -c -g -O2  conftest.c >&5
configure:4749: $? = 0
configure:4749: result: yes
configure:4749: checking for strings.h
configure:4749: gcc -c -g -O2  conftest.c >&5
configure:4749: $? = 0
configure:4749: result: yes
configure:4749: checking for sys/stat.h
configure:4749: gcc -c -g -O2  conftest.c >&5
configure:4749: $? = 0
configure:4749: result: yes
configure:4749: checking for sys/types.h
configure:4749: gcc -c -g -O2  conftest.c >&5
configure:4749: $? = 0
configure:4749: result: yes
configure:4749: checking for unistd.h
configure:4749: gcc -c -g -O2  conftest.c >&5
configure:4749: $? = 0
configure:4749: result: yes
configure:4749: checking for wchar.h
configure:4749: gcc -c -g -O2  conftest.c >&5
configure:4749: $? = 0
configure:4749: result: yes
configure:4749: checking for minix/config.h
configure:4749: gcc -c -g -O2  conftest.c >&5
conftest.c:49:10: fatal error: minix/config.h: No such file or directory
 #include <minix/config.h>
          ^~~~~~~~~~~~~~~~
compilation terminated.
configure:4749: $? = 1
configure: failed program was:
| /* confdefs.h */
| #define PACKAGE_NAME "PCRE2"
| #define PACKAGE_TARNAME "pcre2"
| #define PACKAGE_VERSION "10.40"
| #define PACKAGE_STRING "PCRE2 10.40"
| #define PACKAGE_BUGREPORT ""
| #define PACKAGE_URL ""
| #define PACKAGE "pcre2"
| #define VERSION "10.40"
| #define HAVE_STDIO_H 1
| #define HAVE_STDLIB_H 1
| #define HAVE_STRING_H 1
| #define HAVE_INTTYPES_H 1
| #define HAVE_STDINT_H 1
| #define HAVE_STRINGS_H 1
| #define HAVE_SYS_STAT_H 1
| #define HAVE_SYS_TYPES_H 1
| #define HAVE_UNISTD_H 1
| #define HAVE_WCHAR_H 1
| /* end confdefs.h.  */
| #include <stddef.h>
| #ifdef HAVE_STDIO_H
| # include <stdio.h>
| #endif
| #ifdef HAVE_STDLIB_H
| # include <stdlib.h>
| #endif
| #ifdef HAVE_STRING_H
| # include <string.h>
| #endif
| #ifdef HAVE_INTTYPES_H
| # include <inttypes.h>
| #endif
| #ifdef HAVE_STDINT_H
| # include <stdint.h>
| #endif
| #ifdef HAVE_STRINGS_H
| # include <strings.h>
| #endif
| #ifdef HAVE_SYS_TYPES_H
| # include <sys/types.h>
| #endif
| #ifdef HAVE_SYS_STAT_H
| # include <sys/stat.h>
| #endif
| #ifdef HAVE_UNISTD_H
| # include <unistd.h>
| #endif
| #include <minix/config.h>
configure:4749: result: no
configure:4780: checking whether it is safe to define __EXTENSIONS__
configure:4799: gcc -c -g -O2  conftest.c >&5
configure:4799: $? = 0
configure:4807: result: yes
configure:4810: checking whether _XOPEN_SOURCE should be defined
configure:4832: gcc -c -g -O2  conftest.c >&5
configure:4832: $? = 0
configure:4859: result: no
configure:4983: checking for ar
configure:5004: found /usr/bin/ar
configure:5015: result: ar
configure:5041: checking the archiver (ar) interface
configure:5058: gcc -c -O2  conftest.c >&5
configure:5058: $? = 0
configure:5061: ar cru libconftest.a conftest.o >&5
configure:5064: $? = 0
configure:5092: result: ar
configure:5114: checking for int64_t
configure:5114: gcc -c -O2  conftest.c >&5
configure:5114: $? = 0
configure:5114: gcc -c -O2  conftest.c >&5
conftest.c: In function 'main':
conftest.c:71:53: warning: integer overflow in expression of type 'long int' results in '-9223372036854775808' [-Woverflow]
    < (int64_t) (((((int64_t) 1 << N) << N) - 1) * 2 + 2))];
                                                     ^
conftest.c:70:12: error: storage size of 'test_array' isn't constant
 static int test_array [1 - 2 * !((int64_t) (((((int64_t) 1 << N) << N) - 1) * 2 + 1)
            ^~~~~~~~~~
configure:5114: $? = 1
configure: failed program was:
| /* confdefs.h */
| #define PACKAGE_NAME "PCRE2"
| #define PACKAGE_TARNAME "pcre2"
| #define PACKAGE_VERSION "10.40"
| #define PACKAGE_STRING "PCRE2 10.40"
| #define PACKAGE_BUGREPORT ""
| #define PACKAGE_URL ""
| #define PACKAGE "pcre2"
| #define VERSION "10.40"
| #define HAVE_STDIO_H 1
| #define HAVE_STDLIB_H 1
| #define HAVE_STRING_H 1
| #define HAVE_INTTYPES_H 1
| #define HAVE_STDINT_H 1
| #define HAVE_STRINGS_H 1
| #define HAVE_SYS_STAT_H 1
| #define HAVE_SYS_TYPES_H 1
| #define HAVE_UNISTD_H 1
| #define HAVE_WCHAR_H 1
| #define STDC_HEADERS 1
| #define _ALL_SOURCE 1
| #define _DARWIN_C_SOURCE 1
| #define _GNU_SOURCE 1
| #define _HPUX_ALT_XOPEN_SOCKET_API 1
| #define _NETBSD_SOURCE 1
| #define _OPENBSD_SOURCE 1
| #define _POSIX_PTHREAD_SEMANTICS 1
| #define __STDC_WANT_IEC_60559_ATTRIBS_EXT__ 1
| #define __STDC_WANT_IEC_60559_BFP_EXT__ 1
| #define __STDC_WANT_IEC_60559_DFP_EXT__ 1
| #define __STDC_WANT_IEC_60559_FUNCS_EXT__ 1
| #define __STDC_WANT_IEC_60559_TYPES_EXT__ 1
| #define __STDC_WANT_LIB_EXT2__ 1
| #define __STDC_WANT_MATH_SPEC_FUNCS__ 1
| #define _TANDEM_SOURCE 1
| #define __EXTENSIONS__ 1
| /* end confdefs.h.  */
| #include <stddef.h>
| #ifdef HAVE_STDIO_H
| # include <stdio.h>
| #endif
| #ifdef HAVE_STDLIB_H
| # include <stdlib.h>
| #endif
| #ifdef HAVE_STRING_H
| # include <string.h>
| #endif
| #ifdef HAVE_INTTYPES_H
| # include <inttypes.h>
| #endif
| #ifdef HAVE_STDINT_H
| # include <stdint.h>
| #endif
| #ifdef HAVE_STRINGS_H
| # include <strings.h>
| #endif
| #ifdef HAVE_SYS_TYPES_H
| # include <sys/types.h>
| #endif
| #ifdef HAVE_SYS_STAT_H
| # include <sys/stat.h>
| #endif
| #ifdef HAVE_UNISTD_H
| # include <unistd.h>
| #endif
| 	        enum { N = 64 / 2 - 1 };
| int
| main (void)
| {
| static int test_array [1 - 2 * !((int64_t) (((((int64_t) 1 << N) << N) - 1) * 2 + 1)
| 		 < (int64_t) (((((int64_t) 1 << N) << N) - 1) * 2 + 2))];
| test_array [0] = 0;
| return test_array [0];
| 
|   ;
|   return 0;
| }
configure:5114: result: yes
configure:5157: checking build system type
configure:5172: result: x86_64-pc-linux-gnu
configure:5192: checking host system type
configure:5206: result: x86_64-pc-linux-gnu
configure:5247: checking how to print strings
configure:5274: result: printf
configure:5295: checking for a sed that does not truncate output
configure:5365: result: /usr/bin/sed
configure:5383: checking for grep that handles long lines and -e
configure:5447: result: /usr/bin/grep
configure:5452: checking for egrep
configure:5520: result: /usr/bin/grep -E
configure:5525: checking for fgrep
configure:5593: result: /usr/bin/grep -F
configure:5629: checking for ld used by gcc
configure:5697: result: /usr/bin/ld
configure:5704: checking if the linker (/usr/bin/ld) is GNU ld
configure:5720: result: yes
configure:5732: checking for BSD- or MS-compatible name lister (nm)
configure:5787: result: /usr/bin/nm -B
configure:5927: checking the name lister (/usr/bin/nm -B) interface
configure:5935: gcc -c -O2  conftest.c >&5
configure:5938: /usr/bin/nm -B "conftest.o"
configure:5941: output
0000000000000000 B some_variable
configure:5948: result: BSD nm
configure:5951: checking whether ln -s works
configure:5955: result: yes
configure:5963: checking the maximum length of command line arguments
configure:6095: result: 1572864
configure:6143: checking how to convert x86_64-pc-linux-gnu file names to x86_64-pc-linux-gnu format
configure:6184: result: func_convert_file_noop
configure:6191: checking how to convert x86_64-pc-linux-gnu file names to toolchain format
configure:6212: result: func_convert_file_noop
configure:6219: checking for /usr/bin/ld option to reload object files
configure:6227: result: -r
configure:6306: checking for file
configure:6327: found /usr/bin/file
configure:6338: result: file
configure:6414: checking for objdump
configure:6435: found /usr/bin/objdump
configure:6446: result: objdump
configure:6475: checking how to recognize dependent libraries
configure:6676: result: pass_all
configure:6766: checking for dlltool
configure:6801: result: no
configure:6828: checking how to associate runtime and link libraries
configure:6856: result: printf %s\n
configure:7006: checking for archiver @FILE support
configure:7024: gcc -c -O2  conftest.c >&5
configure:7024: $? = 0
configure:7028: ar cr libconftest.a @conftest.lst >&5
configure:7031: $? = 0
configure:7036: ar cr libconftest.a @conftest.lst >&5
ar: conftest.o: No such file or directory
configure:7039: $? = 1
configure:7051: result: @
configure:7114: checking for strip
configure:7135: found /usr/bin/strip
configure:7146: result: strip
configure:7223: checking for ranlib
configure:7244: found /usr/bin/ranlib
configure:7255: result: ranlib
configure:7357: checking command to parse /usr/bin/nm -B output from gcc object
configure:7511: gcc -c -O2  conftest.c >&5
configure:7514: $? = 0
configure:7518: /usr/bin/nm -B conftest.o \| /usr/bin/sed -n -e 's/^.*[ ]\([ABCDGIRSTW][ABCDGIRSTW]*\)[ ][ ]*\([_A-Za-z][_A-Za-z0-9]*\)$/\1 \2 \2/p' | /usr/bin/sed '/ __gnu_lto/d' \> conftest.nm
configure:7521: $? = 0
configure:7587: gcc -o conftest -O2   conftest.c conftstm.o >&5
configure:7590: $? = 0
configure:7628: result: ok
configure:7675: checking for sysroot
configure:7706: result: no
configure:7713: checking for a working dd
configure:7757: result: /usr/bin/dd
configure:7761: checking how to truncate binary pipes
configure:7777: result: /usr/bin/dd bs=4096 count=1
configure:7914: gcc -c -O2  conftest.c >&5
configure:7917: $? = 0
configure:8114: checking for mt
configure:8149: result: no
configure:8169: checking if : is a manifest tool
configure:8176: : '-?'
configure:8184: result: no
configure:8905: checking for dlfcn.h
configure:8905: gcc -c -O2  conftest.c >&5
configure:8905: $? = 0
configure:8905: result: yes
configure:9492: checking for objdir
configure:9508: result: .libs
configure:9772: checking if gcc supports -fno-rtti -fno-exceptions
configure:9791: gcc -c -O2  -fno-rtti -fno-exceptions conftest.c >&5
cc1: warning: command line option '-fno-rtti' is valid for C++/ObjC++ but not for C
configure:9795: $? = 0
configure:9808: result: no
configure:10166: checking for gcc option to produce PIC
configure:10174: result: -fPIC -DPIC
configure:10182: checking if gcc PIC flag -fPIC -DPIC works
configure:10201: gcc -c -O2  -fPIC -DPIC -DPIC conftest.c >&5
configure:10205: $? = 0
configure:10218: result: yes
configure:10247: checking if gcc static flag -static works
configure:10276: result: no
configure:10291: checking if gcc supports -c -o file.o
configure:10313: gcc -c -O2  -o out/conftest2.o conftest.c >&5
configure:10317: $? = 0
configure:10339: result: yes
configure:10347: checking if gcc supports -c -o file.o
configure:10395: result: yes
configure:10428: checking whether the gcc linker (/usr/bin/ld -m elf_x86_64) supports shared libraries
configure:11696: result: yes
configure:11733: checking whether -lc should be explicitly linked in
configure:11742: gcc -c -O2  conftest.c >&5
configure:11745: $? = 0
configure:11760: gcc -shared  -fPIC -DPIC conftest.o  -v -Wl,-soname -Wl,conftest -o conftest 2\>\&1 \| /usr/bin/grep  -lc  \>/dev/null 2\>\&1
configure:11763: $? = 0
configure:11777: result: no
configure:11937: checking dynamic linker characteristics
configure:12519: gcc -o conftest -O2   -Wl,-rpath -Wl,/foo conftest.c  >&5
configure:12519: $? = 0
configure:12758: result: GNU/Linux ld.so
configure:12880: checking how to hardcode library paths into programs
configure:12905: result: immediate
configure:13457: checking whether stripping libraries is possible
configure:13466: result: yes
configure:13508: checking if libtool supports shared libraries
configure:13510: result: yes
configure:13513: checking whether to build shared libraries
configure:13538: result: yes
configure:13541: checking whether to build static libraries
configure:13545: result: no
configure:13582: checking whether ln -s works
configure:13586: result: yes
configure:13602: checking whether the -Werror option is usable
configure:13622: gcc -c -O2 -Werror  conftest.c >&5
configure:13622: $? = 0
configure:13632: result: yes
configure:13634: checking for simple visibility declarations
configure:13662: gcc -c -O2 -fvisibility=hidden -Werror  conftest.c >&5
configure:13662: $? = 0
configure:13672: result: yes
configure:13702: checking for __attribute__((uninitialized))
configure:13723: gcc -c -O2 -Werror  conftest.c >&5
conftest.c: In function 'main':
conftest.c:49:1: error: 'uninitialized' attribute directive ignored [-Werror=attributes]
 char buf[128] __attribute__((uninitialized));(void)buf
 ^~~~
cc1: all warnings being treated as errors
configure:13723: $? = 1
configure: failed program was:
| /* confdefs.h */
| #define PACKAGE_NAME "PCRE2"
| #define PACKAGE_TARNAME "pcre2"
| #define PACKAGE_VERSION "10.40"
| #define PACKAGE_STRING "PCRE2 10.40"
| #define PACKAGE_BUGREPORT ""
| #define PACKAGE_URL ""
| #define PACKAGE "pcre2"
| #define VERSION "10.40"
| #define HAVE_STDIO_H 1
| #define HAVE_STDLIB_H 1
| #define HAVE_STRING_H 1
| #define HAVE_INTTYPES_H 1
| #define HAVE_STDINT_H 1
| #define HAVE_STRINGS_H 1
| #define HAVE_SYS_STAT_H 1
| #define HAVE_SYS_TYPES_H 1
| #define HAVE_UNISTD_H 1
| #define HAVE_WCHAR_H 1
| #define STDC_HEADERS 1
| #define _ALL_SOURCE 1
| #define _DARWIN_C_SOURCE 1
| #define _GNU_SOURCE 1
| #define _HPUX_ALT_XOPEN_SOCKET_API 1
| #define _NETBSD_SOURCE 1
| #define _OPENBSD_SOURCE 1
| #define _POSIX_PTHREAD_SEMANTICS 1
| #define __STDC_WANT_IEC_60559_ATTRIBS_EXT__ 1
| #define __STDC_WANT_IEC_60559_BFP_EXT__ 1
| #define __STDC_WANT_IEC_60559_DFP_EXT__ 1
| #define __STDC_WANT_IEC_60559_FUNCS_EXT__ 1
| #define __STDC_WANT_IEC_60559_TYPES_EXT__ 1
| #define __STDC_WANT_LIB_EXT2__ 1
| #define __STDC_WANT_MATH_SPEC_FUNCS__ 1
| #define _TANDEM_SOURCE 1
| #define __EXTENSIONS__ 1
| #define HAVE_DLFCN_H 1
| #define LT_OBJDIR ".libs/"
| #define PCRE2_EXP_DECL extern __attribute__ ((visibility ("default")))
| #define PCRE2_EXP_DEFN __attribute__ ((visibility ("default")))
| #define PCRE2POSIX_EXP_DECL extern __attribute__ ((visibility ("default")))
| #define PCRE2POSIX_EXP_DEFN extern __attribute__ ((visibility ("default")))
| #define HAVE_VISIBILITY 1
| /* end confdefs.h.  */
| 
| int
| main (void)
| {
| char buf[128] __attribute__((uninitialized));(void)buf
|   ;
|   return 0;
| }
configure:13730: result: no
configure:14303: checking for limits.h
configure:14303: gcc -c -O2  conftest.c >&5
configure:14303: $? = 0
configure:14303: result: yes
configure:14309: checking for sys/types.h
configure:14309: result: yes
configure:14315: checking for sys/stat.h
configure:14315: result: yes
configure:14321: checking for dirent.h
configure:14321: gcc -c -O2  conftest.c >&5
configure:14321: $? = 0
configure:14321: result: yes
configure:14330: checking for windows.h
configure:14330: gcc -c -O2  conftest.c >&5
conftest.c:77:10: fatal error: windows.h: No such file or directory
 #include <windows.h>
          ^~~~~~~~~~~
compilation terminated.
configure:14330: $? = 1
configure: failed program was:
| /* confdefs.h */
| #define PACKAGE_NAME "PCRE2"
| #define PACKAGE_TARNAME "pcre2"
| #define PACKAGE_VERSION "10.40"
| #define PACKAGE_STRING "PCRE2 10.40"
| #define PACKAGE_BUGREPORT ""
| #define PACKAGE_URL ""
| #define PACKAGE "pcre2"
| #define VERSION "10.40"
| #define HAVE_STDIO_H 1
| #define HAVE_STDLIB_H 1
| #define HAVE_STRING_H 1
| #define HAVE_INTTYPES_H 1
| #define HAVE_STDINT_H 1
| #define HAVE_STRINGS_H 1
| #define HAVE_SYS_STAT_H 1
| #define HAVE_SYS_TYPES_H 1
| #define HAVE_UNISTD_H 1
| #define HAVE_WCHAR_H 1
| #define STDC_HEADERS 1
| #define _ALL_SOURCE 1
| #define _DARWIN_C_SOURCE 1
| #define _GNU_SOURCE 1
| #define _HPUX_ALT_XOPEN_SOCKET_API 1
| #define _NETBSD_SOURCE 1
| #define _OPENBSD_SOURCE 1
| #define _POSIX_PTHREAD_SEMANTICS 1
| #define __STDC_WANT_IEC_60559_ATTRIBS_EXT__ 1
| #define __STDC_WANT_IEC_60559_BFP_EXT__ 1
| #define __STDC_WANT_IEC_60559_DFP_EXT__ 1
| #define __STDC_WANT_IEC_60559_FUNCS_EXT__ 1
| #define __STDC_WANT_IEC_60559_TYPES_EXT__ 1
| #define __STDC_WANT_LIB_EXT2__ 1
| #define __STDC_WANT_MATH_SPEC_FUNCS__ 1
| #define _TANDEM_SOURCE 1
| #define __EXTENSIONS__ 1
| #define HAVE_DLFCN_H 1
| #define LT_OBJDIR ".libs/"
| #define PCRE2_EXP_DECL extern __attribute__ ((visibility ("default")))
| #define PCRE2_EXP_DEFN __attribute__ ((visibility ("default")))
| #define PCRE2POSIX_EXP_DECL extern __attribute__ ((visibility ("default")))
| #define PCRE2POSIX_EXP_DEFN extern __attribute__ ((visibility ("default")))
| #define HAVE_VISIBILITY 1
| #define HAVE_LIMITS_H 1
| #define HAVE_SYS_TYPES_H 1
| #define HAVE_SYS_STAT_H 1
| #define HAVE_DIRENT_H 1
| /* end confdefs.h.  */
| #include <stddef.h>
| #ifdef HAVE_STDIO_H
| # include <stdio.h>
| #endif
| #ifdef HAVE_STDLIB_H
| # include <stdlib.h>
| #endif
| #ifdef HAVE_STRING_H
| # include <string.h>
| #endif
| #ifdef HAVE_INTTYPES_H
| # include <inttypes.h>
| #endif
| #ifdef HAVE_STDINT_H
| # include <stdint.h>
| #endif
| #ifdef HAVE_STRINGS_H
| # include <strings.h>
| #endif
| #ifdef HAVE_SYS_TYPES_H
| # include <sys/types.h>
| #endif
| #ifdef HAVE_SYS_STAT_H
| # include <sys/stat.h>
| #endif
| #ifdef HAVE_UNISTD_H
| # include <unistd.h>
| #endif
| #include <windows.h>
configure:14330: result: no
configure:14340: checking for sys/wait.h
configure:14340: gcc -c -O2  conftest.c >&5
configure:14340: $? = 0
configure:14340: result: yes
configure:14430: checking for an ANSI C-conforming const
configure:14497: gcc -c -O2  conftest.c >&5
configure:14497: $? = 0
configure:14505: result: yes
configure:14513: checking for size_t
configure:14513: gcc -c -O2  conftest.c >&5
configure:14513: $? = 0
configure:14513: gcc -c -O2  conftest.c >&5
conftest.c: In function 'main':
conftest.c:81:21: error: expected expression before ')' token
 if (sizeof ((size_t)))
                     ^
configure:14513: $? = 1
configure: failed program was:
| /* confdefs.h */
| #define PACKAGE_NAME "PCRE2"
| #define PACKAGE_TARNAME "pcre2"
| #define PACKAGE_VERSION "10.40"
| #define PACKAGE_STRING "PCRE2 10.40"
| #define PACKAGE_BUGREPORT ""
| #define PACKAGE_URL ""
| #define PACKAGE "pcre2"
| #define VERSION "10.40"
| #define HAVE_STDIO_H 1
| #define HAVE_STDLIB_H 1
| #define HAVE_STRING_H 1
| #define HAVE_INTTYPES_H 1
| #define HAVE_STDINT_H 1
| #define HAVE_STRINGS_H 1
| #define HAVE_SYS_STAT_H 1
| #define HAVE_SYS_TYPES_H 1
| #define HAVE_UNISTD_H 1
| #define HAVE_WCHAR_H 1
| #define STDC_HEADERS 1
| #define _ALL_SOURCE 1
| #define _DARWIN_C_SOURCE 1
| #define _GNU_SOURCE 1
| #define _HPUX_ALT_XOPEN_SOCKET_API 1
| #define _NETBSD_SOURCE 1
| #define _OPENBSD_SOURCE 1
| #define _POSIX_PTHREAD_SEMANTICS 1
| #define __STDC_WANT_IEC_60559_ATTRIBS_EXT__ 1
| #define __STDC_WANT_IEC_60559_BFP_EXT__ 1
| #define __STDC_WANT_IEC_60559_DFP_EXT__ 1
| #define __STDC_WANT_IEC_60559_FUNCS_EXT__ 1
| #define __STDC_WANT_IEC_60559_TYPES_EXT__ 1
| #define __STDC_WANT_LIB_EXT2__ 1
| #define __STDC_WANT_MATH_SPEC_FUNCS__ 1
| #define _TANDEM_SOURCE 1
| #define __EXTENSIONS__ 1
| #define HAVE_DLFCN_H 1
| #define LT_OBJDIR ".libs/"
| #define PCRE2_EXP_DECL extern __attribute__ ((visibility ("default")))
| #define PCRE2_EXP_DEFN __attribute__ ((visibility ("default")))
| #define PCRE2POSIX_EXP_DECL extern __attribute__ ((visibility ("default")))
| #define PCRE2POSIX_EXP_DEFN extern __attribute__ ((visibility ("default")))
| #define HAVE_VISIBILITY 1
| #define HAVE_LIMITS_H 1
| #define HAVE_SYS_TYPES_H 1
| #define HAVE_SYS_STAT_H 1
| #define HAVE_DIRENT_H 1
| #define HAVE_SYS_WAIT_H 1
| /* end confdefs.h.  */
| #include <stddef.h>
| #ifdef HAVE_STDIO_H
| # include <stdio.h>
| #endif
| #ifdef HAVE_STDLIB_H
| # include <stdlib.h>
| #endif
| #ifdef HAVE_STRING_H
| # include <string.h>
| #endif
| #ifdef HAVE_INTTYPES_H
| # include <inttypes.h>
| #endif
| #ifdef HAVE_STDINT_H
| # include <stdint.h>
| #endif
| #ifdef HAVE_STRINGS_H
| # include <strings.h>
| #endif
| #ifdef HAVE_SYS_TYPES_H
| # include <sys/types.h>
| #endif
| #ifdef HAVE_SYS_STAT_H
| # include <sys/stat.h>
| #endif
| #ifdef HAVE_UNISTD_H
| # include <unistd.h>
| #endif
| int
| main (void)
| {
| if (sizeof ((size_t)))
| 	    return 0;
|   ;
|   return 0;
| }
configure:14513: result: yes
configure:14526: checking for bcopy
configure:14526: gcc -o conftest -O2   conftest.c  >&5
conftest.c:66:6: warning: conflicting types for built-in function 'bcopy' [-Wbuiltin-declaration-mismatch]
 char bcopy ();
      ^~~~~
configure:14526: $? = 0
configure:14526: result: yes
configure:14532: checking for memfd_create
configure:14532: gcc -o conftest -O2   conftest.c  >&5
configure:14532: $? = 0
configure:14532: result: yes
configure:14538: checking for memmove
configure:14538: gcc -o conftest -O2   conftest.c  >&5
conftest.c:68:6: warning: conflicting types for built-in function 'memmove' [-Wbuiltin-declaration-mismatch]
 char memmove ();
      ^~~~~~~
configure:14538: $? = 0
configure:14538: result: yes
configure:14544: checking for mkostemp
configure:14544: gcc -o conftest -O2   conftest.c  >&5
configure:14544: $? = 0
configure:14544: result: yes
configure:14550: checking for secure_getenv
configure:14550: gcc -o conftest -O2   conftest.c  >&5
configure:14550: $? = 0
configure:14550: result: yes
configure:14556: checking for strerror
configure:14556: gcc -o conftest -O2   conftest.c  >&5
configure:14556: $? = 0
configure:14556: result: yes
configure:14563: checking for realpath
configure:14582: gcc -o conftest -O2   conftest.c  >&5
configure:14582: $? = 0
configure:14584: result: yes
configure:14601: checking for zlib.h
configure:14601: gcc -c -O2  conftest.c >&5
configure:14601: $? = 0
configure:14601: result: yes
configure:14609: checking for gzopen in -lz
configure:14632: gcc -o conftest -O2   conftest.c -lz   >&5
configure:14632: $? = 0
configure:14642: result: yes
configure:14668: checking for bzlib.h
configure:14668: gcc -c -O2  conftest.c >&5
configure:14668: $? = 0
configure:14668: result: yes
configure:14681: checking for libbz2
configure:14699: gcc -o conftest -O2   conftest.c  -lbz2 >&5
conftest.c: In function 'main':
conftest.c:66:8: warning: cast from pointer to integer of different size [-Wpointer-to-int-cast]
 return (int)BZ2_bzopen("conftest", "rb");
        ^
configure:14699: $? = 0
configure:14701: result: yes
configure:14716: checking for readline/readline.h
configure:14716: gcc -c -O2  conftest.c >&5
configure:14716: $? = 0
configure:14716: result: yes
configure:14726: checking for readline/history.h
configure:14726: gcc -c -O2  conftest.c >&5
configure:14726: $? = 0
configure:14726: result: yes
configure:14734: checking for readline in -lreadline
configure:14757: gcc -o conftest -O2   conftest.c -lreadline   >&5
configure:14757: $? = 0
configure:14767: result: yes
configure:15275: checking for the pthreads library -lpthreads
configure:15313: gcc -o conftest -O2    conftest.c -lpthreads  >&5
/usr/bin/ld: cannot find -lpthreads
collect2: error: ld returned 1 exit status
configure:15313: $? = 1
configure: failed program was:
| /* confdefs.h */
| #define PACKAGE_NAME "PCRE2"
| #define PACKAGE_TARNAME "pcre2"
| #define PACKAGE_VERSION "10.40"
| #define PACKAGE_STRING "PCRE2 10.40"
| #define PACKAGE_BUGREPORT ""
| #define PACKAGE_URL ""
| #define PACKAGE "pcre2"
| #define VERSION "10.40"
| #define HAVE_STDIO_H 1
| #define HAVE_STDLIB_H 1
| #define HAVE_STRING_H 1
| #define HAVE_INTTYPES_H 1
| #define HAVE_STDINT_H 1
| #define HAVE_STRINGS_H 1
| #define HAVE_SYS_STAT_H 1
| #define HAVE_SYS_TYPES_H 1
| #define HAVE_UNISTD_H 1
| #define HAVE_WCHAR_H 1
| #define STDC_HEADERS 1
| #define _ALL_SOURCE 1
| #define _DARWIN_C_SOURCE 1
| #define _GNU_SOURCE 1
| #define _HPUX_ALT_XOPEN_SOCKET_API 1
| #define _NETBSD_SOURCE 1
| #define _OPENBSD_SOURCE 1
| #define _POSIX_PTHREAD_SEMANTICS 1
| #define __STDC_WANT_IEC_60559_ATTRIBS_EXT__ 1
| #define __STDC_WANT_IEC_60559_BFP_EXT__ 1
| #define __STDC_WANT_IEC_60559_DFP_EXT__ 1
| #define __STDC_WANT_IEC_60559_FUNCS_EXT__ 1
| #define __STDC_WANT_IEC_60559_TYPES_EXT__ 1
| #define __STDC_WANT_LIB_EXT2__ 1
| #define __STDC_WANT_MATH_SPEC_FUNCS__ 1
| #define _TANDEM_SOURCE 1
| #define __EXTENSIONS__ 1
| #define HAVE_DLFCN_H 1
| #define LT_OBJDIR ".libs/"
| #define PCRE2_EXP_DECL extern __attribute__ ((visibility ("default")))
| #define PCRE2_EXP_DEFN __attribute__ ((visibility ("default")))
| #define PCRE2POSIX_EXP_DECL extern __attribute__ ((visibility ("default")))
| #define PCRE2POSIX_EXP_DEFN extern __attribute__ ((visibility ("default")))
| #define HAVE_VISIBILITY 1
| #define HAVE_LIMITS_H 1
| #define HAVE_SYS_TYPES_H 1
| #define HAVE_SYS_STAT_H 1
| #define HAVE_DIRENT_H 1
| #define HAVE_SYS_WAIT_H 1
| #define HAVE_BCOPY 1
| #define HAVE_MEMFD_CREATE 1
| #define HAVE_MEMMOVE 1
| #define HAVE_MKOSTEMP 1
| #define HAVE_SECURE_GETENV 1
| #define HAVE_STRERROR 1
| #define HAVE_REALPATH 1
| #define HAVE_ZLIB_H 1
| #define HAVE_BZLIB_H 1
| #define HAVE_READLINE_READLINE_H 1
| #define HAVE_READLINE_HISTORY_H 1
| #define SUPPORT_PCRE2_8 /**/
| #define SUPPORT_PCRE2_16 /**/
| #define SUPPORT_PCRE2_32 /**/
| /* end confdefs.h.  */
| #include <pthread.h>
|                         static void routine(void *a) { a = 0; }
|                         static void *start_routine(void *a) { return a; }
| int
| main (void)
| {
| pthread_t th; pthread_attr_t attr;
|                         pthread_create(&th, 0, start_routine, 0);
|                         pthread_join(th, 0);
|                         pthread_attr_init(&attr);
|                         pthread_cleanup_push(routine, 0);
|                         pthread_cleanup_pop(0) /* ; */
|   ;
|   return 0;
| }
configure:15323: result: no
configure:15215: checking whether pthreads work without any flags
configure:15313: gcc -o conftest -O2    conftest.c   >&5
/tmp/ccm8AoYy.o: In function `main':
conftest.c:(.text.startup+0x16): undefined reference to `pthread_create'
conftest.c:(.text.startup+0x22): undefined reference to `pthread_join'
conftest.c:(.text.startup+0x46): undefined reference to `__pthread_register_cancel'
conftest.c:(.text.startup+0x50): undefined reference to `__pthread_unregister_cancel'
collect2: error: ld returned 1 exit status
configure:15313: $? = 1
configure: failed program was:
| /* confdefs.h */
| #define PACKAGE_NAME "PCRE2"
| #define PACKAGE_TARNAME "pcre2"
| #define PACKAGE_VERSION "10.40"
| #define PACKAGE_STRING "PCRE2 10.40"
| #define PACKAGE_BUGREPORT ""
| #define PACKAGE_URL ""
| #define PACKAGE "pcre2"
| #define VERSION "10.40"
| #define HAVE_STDIO_H 1
| #define HAVE_STDLIB_H 1
| #define HAVE_STRING_H 1
| #define HAVE_INTTYPES_H 1
| #define HAVE_STDINT_H 1
| #define HAVE_STRINGS_H 1
| #define HAVE_SYS_STAT_H 1
| #define HAVE_SYS_TYPES_H 1
| #define HAVE_UNISTD_H 1
| #define HAVE_WCHAR_H 1
| #define STDC_HEADERS 1
| #define _ALL_SOURCE 1
| #define _DARWIN_C_SOURCE 1
| #define _GNU_SOURCE 1
| #define _HPUX_ALT_XOPEN_SOCKET_API 1
| #define _NETBSD_SOURCE 1
| #define _OPENBSD_SOURCE 1
| #define _POSIX_PTHREAD_SEMANTICS 1
| #define __STDC_WANT_IEC_60559_ATTRIBS_EXT__ 1
| #define __STDC_WANT_IEC_60559_BFP_EXT__ 1
| #define __STDC_WANT_IEC_60559_DFP_EXT__ 1
| #define __STDC_WANT_IEC_60559_FUNCS_EXT__ 1
| #define __STDC_WANT_IEC_60559_TYPES_EXT__ 1
| #define __STDC_WANT_LIB_EXT2__ 1
| #define __STDC_WANT_MATH_SPEC_FUNCS__ 1
| #define _TANDEM_SOURCE 1
| #define __EXTENSIONS__ 1
| #define HAVE_DLFCN_H 1
| #define LT_OBJDIR ".libs/"
| #define PCRE2_EXP_DECL extern __attribute__ ((visibility ("default")))
| #define PCRE2_EXP_DEFN __attribute__ ((visibility ("default")))
| #define PCRE2POSIX_EXP_DECL extern __attribute__ ((visibility ("default")))
| #define PCRE2POSIX_EXP_DEFN extern __attribute__ ((visibility ("default")))
| #define HAVE_VISIBILITY 1
| #define HAVE_LIMITS_H 1
| #define HAVE_SYS_TYPES_H 1
| #define HAVE_SYS_STAT_H 1
| #define HAVE_DIRENT_H 1
| #define HAVE_SYS_WAIT_H 1
| #define HAVE_BCOPY 1
| #define HAVE_MEMFD_CREATE 1
| #define HAVE_MEMMOVE 1
| #define HAVE_MKOSTEMP 1
| #define HAVE_SECURE_GETENV 1
| #define HAVE_STRERROR 1
| #define HAVE_REALPATH 1
| #define HAVE_ZLIB_H 1
| #define HAVE_BZLIB_H 1
| #define HAVE_READLINE_READLINE_H 1
| #define HAVE_READLINE_HISTORY_H 1
| #define SUPPORT_PCRE2_8 /**/
| #define SUPPORT_PCRE2_16 /**/
| #define SUPPORT_PCRE2_32 /**/
| /* end confdefs.h.  */
| #include <pthread.h>
|                         static void routine(void *a) { a = 0; }
|                         static void *start_routine(void *a) { return a; }
| int
| main (void)
| {
| pthread_t th; pthread_attr_t attr;
|                         pthread_create(&th, 0, start_routine, 0);
|                         pthread_join(th, 0);
|                         pthread_attr_init(&attr);
|                         pthread_cleanup_push(routine, 0);
|                         pthread_cleanup_pop(0) /* ; */
|   ;
|   return 0;
| }
configure:15323: result: no
configure:15220: checking whether pthreads work with -Kthread
configure:15313: gcc -o conftest -O2 -Kthread   conftest.c   >&5
gcc: error: unrecognized command line option '-Kthread'; did you mean '-pthread'?
configure:15313: $? = 1
configure: failed program was:
| /* confdefs.h */
| #define PACKAGE_NAME "PCRE2"
| #define PACKAGE_TARNAME "pcre2"
| #define PACKAGE_VERSION "10.40"
| #define PACKAGE_STRING "PCRE2 10.40"
| #define PACKAGE_BUGREPORT ""
| #define PACKAGE_URL ""
| #define PACKAGE "pcre2"
| #define VERSION "10.40"
| #define HAVE_STDIO_H 1
| #define HAVE_STDLIB_H 1
| #define HAVE_STRING_H 1
| #define HAVE_INTTYPES_H 1
| #define HAVE_STDINT_H 1
| #define HAVE_STRINGS_H 1
| #define HAVE_SYS_STAT_H 1
| #define HAVE_SYS_TYPES_H 1
| #define HAVE_UNISTD_H 1
| #define HAVE_WCHAR_H 1
| #define STDC_HEADERS 1
| #define _ALL_SOURCE 1
| #define _DARWIN_C_SOURCE 1
| #define _GNU_SOURCE 1
| #define _HPUX_ALT_XOPEN_SOCKET_API 1
| #define _NETBSD_SOURCE 1
| #define _OPENBSD_SOURCE 1
| #define _POSIX_PTHREAD_SEMANTICS 1
| #define __STDC_WANT_IEC_60559_ATTRIBS_EXT__ 1
| #define __STDC_WANT_IEC_60559_BFP_EXT__ 1
| #define __STDC_WANT_IEC_60559_DFP_EXT__ 1
| #define __STDC_WANT_IEC_60559_FUNCS_EXT__ 1
| #define __STDC_WANT_IEC_60559_TYPES_EXT__ 1
| #define __STDC_WANT_LIB_EXT2__ 1
| #define __STDC_WANT_MATH_SPEC_FUNCS__ 1
| #define _TANDEM_SOURCE 1
| #define __EXTENSIONS__ 1
| #define HAVE_DLFCN_H 1
| #define LT_OBJDIR ".libs/"
| #define PCRE2_EXP_DECL extern __attribute__ ((visibility ("default")))
| #define PCRE2_EXP_DEFN __attribute__ ((visibility ("default")))
| #define PCRE2POSIX_EXP_DECL extern __attribute__ ((visibility ("default")))
| #define PCRE2POSIX_EXP_DEFN extern __attribute__ ((visibility ("default")))
| #define HAVE_VISIBILITY 1
| #define HAVE_LIMITS_H 1
| #define HAVE_SYS_TYPES_H 1
| #define HAVE_SYS_STAT_H 1
| #define HAVE_DIRENT_H 1
| #define HAVE_SYS_WAIT_H 1
| #define HAVE_BCOPY 1
| #define HAVE_MEMFD_CREATE 1
| #define HAVE_MEMMOVE 1
| #define HAVE_MKOSTEMP 1
| #define HAVE_SECURE_GETENV 1
| #define HAVE_STRERROR 1
| #define HAVE_REALPATH 1
| #define HAVE_ZLIB_H 1
| #define HAVE_BZLIB_H 1
| #define HAVE_READLINE_READLINE_H 1
| #define HAVE_READLINE_HISTORY_H 1
| #define SUPPORT_PCRE2_8 /**/
| #define SUPPORT_PCRE2_16 /**/
| #define SUPPORT_PCRE2_32 /**/
| /* end confdefs.h.  */
| #include <pthread.h>
|                         static void routine(void *a) { a = 0; }
|                         static void *start_routine(void *a) { return a; }
| int
| main (void)
| {
| pthread_t th; pthread_attr_t attr;
|                         pthread_create(&th, 0, start_routine, 0);
|                         pthread_join(th, 0);
|                         pthread_attr_init(&attr);
|                         pthread_cleanup_push(routine, 0);
|                         pthread_cleanup_pop(0) /* ; */
|   ;
|   return 0;
| }
configure:15323: result: no
configure:15220: checking whether pthreads work with -kthread
configure:15313: gcc -o conftest -O2 -kthread   conftest.c   >&5
gcc: error: unrecognized command line option '-kthread'; did you mean '-pthread'?
configure:15313: $? = 1
configure: failed program was:
| /* confdefs.h */
| #define PACKAGE_NAME "PCRE2"
| #define PACKAGE_TARNAME "pcre2"
| #define PACKAGE_VERSION "10.40"
| #define PACKAGE_STRING "PCRE2 10.40"
| #define PACKAGE_BUGREPORT ""
| #define PACKAGE_URL ""
| #define PACKAGE "pcre2"
| #define VERSION "10.40"
| #define HAVE_STDIO_H 1
| #define HAVE_STDLIB_H 1
| #define HAVE_STRING_H 1
| #define HAVE_INTTYPES_H 1
| #define HAVE_STDINT_H 1
| #define HAVE_STRINGS_H 1
| #define HAVE_SYS_STAT_H 1
| #define HAVE_SYS_TYPES_H 1
| #define HAVE_UNISTD_H 1
| #define HAVE_WCHAR_H 1
| #define STDC_HEADERS 1
| #define _ALL_SOURCE 1
| #define _DARWIN_C_SOURCE 1
| #define _GNU_SOURCE 1
| #define _HPUX_ALT_XOPEN_SOCKET_API 1
| #define _NETBSD_SOURCE 1
| #define _OPENBSD_SOURCE 1
| #define _POSIX_PTHREAD_SEMANTICS 1
| #define __STDC_WANT_IEC_60559_ATTRIBS_EXT__ 1
| #define __STDC_WANT_IEC_60559_BFP_EXT__ 1
| #define __STDC_WANT_IEC_60559_DFP_EXT__ 1
| #define __STDC_WANT_IEC_60559_FUNCS_EXT__ 1
| #define __STDC_WANT_IEC_60559_TYPES_EXT__ 1
| #define __STDC_WANT_LIB_EXT2__ 1
| #define __STDC_WANT_MATH_SPEC_FUNCS__ 1
| #define _TANDEM_SOURCE 1
| #define __EXTENSIONS__ 1
| #define HAVE_DLFCN_H 1
| #define LT_OBJDIR ".libs/"
| #define PCRE2_EXP_DECL extern __attribute__ ((visibility ("default")))
| #define PCRE2_EXP_DEFN __attribute__ ((visibility ("default")))
| #define PCRE2POSIX_EXP_DECL extern __attribute__ ((visibility ("default")))
| #define PCRE2POSIX_EXP_DEFN extern __attribute__ ((visibility ("default")))
| #define HAVE_VISIBILITY 1
| #define HAVE_LIMITS_H 1
| #define HAVE_SYS_TYPES_H 1
| #define HAVE_SYS_STAT_H 1
| #define HAVE_DIRENT_H 1
| #define HAVE_SYS_WAIT_H 1
| #define HAVE_BCOPY 1
| #define HAVE_MEMFD_CREATE 1
| #define HAVE_MEMMOVE 1
| #define HAVE_MKOSTEMP 1
| #define HAVE_SECURE_GETENV 1
| #define HAVE_STRERROR 1
| #define HAVE_REALPATH 1
| #define HAVE_ZLIB_H 1
| #define HAVE_BZLIB_H 1
| #define HAVE_READLINE_READLINE_H 1
| #define HAVE_READLINE_HISTORY_H 1
| #define SUPPORT_PCRE2_8 /**/
| #define SUPPORT_PCRE2_16 /**/
| #define SUPPORT_PCRE2_32 /**/
| /* end confdefs.h.  */
| #include <pthread.h>
|                         static void routine(void *a) { a = 0; }
|                         static void *start_routine(void *a) { return a; }
| int
| main (void)
| {
| pthread_t th; pthread_attr_t attr;
|                         pthread_create(&th, 0, start_routine, 0);
|                         pthread_join(th, 0);
|                         pthread_attr_init(&attr);
|                         pthread_cleanup_push(routine, 0);
|                         pthread_cleanup_pop(0) /* ; */
|   ;
|   return 0;
| }
configure:15323: result: no
configure:15275: checking for the pthreads library -llthread
configure:15313: gcc -o conftest -O2    conftest.c -llthread  >&5
/usr/bin/ld: cannot find -llthread
collect2: error: ld returned 1 exit status
configure:15313: $? = 1
configure: failed program was:
| /* confdefs.h */
| #define PACKAGE_NAME "PCRE2"
| #define PACKAGE_TARNAME "pcre2"
| #define PACKAGE_VERSION "10.40"
| #define PACKAGE_STRING "PCRE2 10.40"
| #define PACKAGE_BUGREPORT ""
| #define PACKAGE_URL ""
| #define PACKAGE "pcre2"
| #define VERSION "10.40"
| #define HAVE_STDIO_H 1
| #define HAVE_STDLIB_H 1
| #define HAVE_STRING_H 1
| #define HAVE_INTTYPES_H 1
| #define HAVE_STDINT_H 1
| #define HAVE_STRINGS_H 1
| #define HAVE_SYS_STAT_H 1
| #define HAVE_SYS_TYPES_H 1
| #define HAVE_UNISTD_H 1
| #define HAVE_WCHAR_H 1
| #define STDC_HEADERS 1
| #define _ALL_SOURCE 1
| #define _DARWIN_C_SOURCE 1
| #define _GNU_SOURCE 1
| #define _HPUX_ALT_XOPEN_SOCKET_API 1
| #define _NETBSD_SOURCE 1
| #define _OPENBSD_SOURCE 1
| #define _POSIX_PTHREAD_SEMANTICS 1
| #define __STDC_WANT_IEC_60559_ATTRIBS_EXT__ 1
| #define __STDC_WANT_IEC_60559_BFP_EXT__ 1
| #define __STDC_WANT_IEC_60559_DFP_EXT__ 1
| #define __STDC_WANT_IEC_60559_FUNCS_EXT__ 1
| #define __STDC_WANT_IEC_60559_TYPES_EXT__ 1
| #define __STDC_WANT_LIB_EXT2__ 1
| #define __STDC_WANT_MATH_SPEC_FUNCS__ 1
| #define _TANDEM_SOURCE 1
| #define __EXTENSIONS__ 1
| #define HAVE_DLFCN_H 1
| #define LT_OBJDIR ".libs/"
| #define PCRE2_EXP_DECL extern __attribute__ ((visibility ("default")))
| #define PCRE2_EXP_DEFN __attribute__ ((visibility ("default")))
| #define PCRE2POSIX_EXP_DECL extern __attribute__ ((visibility ("default")))
| #define PCRE2POSIX_EXP_DEFN extern __attribute__ ((visibility ("default")))
| #define HAVE_VISIBILITY 1
| #define HAVE_LIMITS_H 1
| #define HAVE_SYS_TYPES_H 1
| #define HAVE_SYS_STAT_H 1
| #define HAVE_DIRENT_H 1
| #define HAVE_SYS_WAIT_H 1
| #define HAVE_BCOPY 1
| #define HAVE_MEMFD_CREATE 1
| #define HAVE_MEMMOVE 1
| #define HAVE_MKOSTEMP 1
| #define HAVE_SECURE_GETENV 1
| #define HAVE_STRERROR 1
| #define HAVE_REALPATH 1
| #define HAVE_ZLIB_H 1
| #define HAVE_BZLIB_H 1
| #define HAVE_READLINE_READLINE_H 1
| #define HAVE_READLINE_HISTORY_H 1
| #define SUPPORT_PCRE2_8 /**/
| #define SUPPORT_PCRE2_16 /**/
| #define SUPPORT_PCRE2_32 /**/
| /* end confdefs.h.  */
| #include <pthread.h>
|                         static void routine(void *a) { a = 0; }
|                         static void *start_routine(void *a) { return a; }
| int
| main (void)
| {
| pthread_t th; pthread_attr_t attr;
|                         pthread_create(&th, 0, start_routine, 0);
|                         pthread_join(th, 0);
|                         pthread_attr_init(&attr);
|                         pthread_cleanup_push(routine, 0);
|                         pthread_cleanup_pop(0) /* ; */
|   ;
|   return 0;
| }
configure:15323: result: no
configure:15220: checking whether pthreads work with -pthread
configure:15313: gcc -o conftest -O2 -pthread   conftest.c   >&5
configure:15313: $? = 0
configure:15323: result: yes
configure:15342: checking for joinable pthread attribute
configure:15357: gcc -o conftest -O2 -pthread   conftest.c   >&5
configure:15357: $? = 0
configure:15364: result: PTHREAD_CREATE_JOINABLE
configure:15372: checking if more special flags are required for pthreads
configure:15386: result: no
configure:15392: checking for PTHREAD_PRIO_INHERIT
configure:15411: gcc -o conftest -O2 -pthread   conftest.c   >&5
configure:15411: $? = 0
configure:15421: result: yes
configure:16195: checking whether Intel CET is enabled
configure:16216: gcc -c -pthread -O2  conftest.c >&5
conftest.c: In function 'main':
conftest.c:89:3: error: #error CET is not enabled
 # error CET is not enabled
   ^~~~~
configure:16216: $? = 1
configure: failed program was:
| /* confdefs.h */
| #define PACKAGE_NAME "PCRE2"
| #define PACKAGE_TARNAME "pcre2"
| #define PACKAGE_VERSION "10.40"
| #define PACKAGE_STRING "PCRE2 10.40"
| #define PACKAGE_BUGREPORT ""
| #define PACKAGE_URL ""
| #define PACKAGE "pcre2"
| #define VERSION "10.40"
| #define HAVE_STDIO_H 1
| #define HAVE_STDLIB_H 1
| #define HAVE_STRING_H 1
| #define HAVE_INTTYPES_H 1
| #define HAVE_STDINT_H 1
| #define HAVE_STRINGS_H 1
| #define HAVE_SYS_STAT_H 1
| #define HAVE_SYS_TYPES_H 1
| #define HAVE_UNISTD_H 1
| #define HAVE_WCHAR_H 1
| #define STDC_HEADERS 1
| #define _ALL_SOURCE 1
| #define _DARWIN_C_SOURCE 1
| #define _GNU_SOURCE 1
| #define _HPUX_ALT_XOPEN_SOCKET_API 1
| #define _NETBSD_SOURCE 1
| #define _OPENBSD_SOURCE 1
| #define _POSIX_PTHREAD_SEMANTICS 1
| #define __STDC_WANT_IEC_60559_ATTRIBS_EXT__ 1
| #define __STDC_WANT_IEC_60559_BFP_EXT__ 1
| #define __STDC_WANT_IEC_60559_DFP_EXT__ 1
| #define __STDC_WANT_IEC_60559_FUNCS_EXT__ 1
| #define __STDC_WANT_IEC_60559_TYPES_EXT__ 1
| #define __STDC_WANT_LIB_EXT2__ 1
| #define __STDC_WANT_MATH_SPEC_FUNCS__ 1
| #define _TANDEM_SOURCE 1
| #define __EXTENSIONS__ 1
| #define HAVE_DLFCN_H 1
| #define LT_OBJDIR ".libs/"
| #define PCRE2_EXP_DECL extern __attribute__ ((visibility ("default")))
| #define PCRE2_EXP_DEFN __attribute__ ((visibility ("default")))
| #define PCRE2POSIX_EXP_DECL extern __attribute__ ((visibility ("default")))
| #define PCRE2POSIX_EXP_DEFN extern __attribute__ ((visibility ("default")))
| #define HAVE_VISIBILITY 1
| #define HAVE_LIMITS_H 1
| #define HAVE_SYS_TYPES_H 1
| #define HAVE_SYS_STAT_H 1
| #define HAVE_DIRENT_H 1
| #define HAVE_SYS_WAIT_H 1
| #define HAVE_BCOPY 1
| #define HAVE_MEMFD_CREATE 1
| #define HAVE_MEMMOVE 1
| #define HAVE_MKOSTEMP 1
| #define HAVE_SECURE_GETENV 1
| #define HAVE_STRERROR 1
| #define HAVE_REALPATH 1
| #define HAVE_ZLIB_H 1
| #define HAVE_BZLIB_H 1
| #define HAVE_READLINE_READLINE_H 1
| #define HAVE_READLINE_HISTORY_H 1
| #define SUPPORT_PCRE2_8 /**/
| #define SUPPORT_PCRE2_16 /**/
| #define SUPPORT_PCRE2_32 /**/
| #define HAVE_PTHREAD_PRIO_INHERIT 1
| #define HAVE_PTHREAD 1
| #define SUPPORT_JIT /**/
| #define SUPPORT_PCRE2GREP_JIT /**/
| #define SUPPORT_PCRE2GREP_CALLOUT_FORK /**/
| #define SUPPORT_PCRE2GREP_CALLOUT /**/
| #define SUPPORT_UNICODE /**/
| #define SUPPORT_LIBZ /**/
| #define SUPPORT_LIBBZ2 /**/
| #define PCRE2GREP_BUFSIZE 20480
| #define PCRE2GREP_MAX_BUFSIZE 1048576
| #define SUPPORT_LIBREADLINE /**/
| #define NEWLINE_DEFAULT 2
| #define LINK_SIZE 2
| #define PARENS_NEST_LIMIT 250
| #define MATCH_LIMIT 10000000
| #define MATCH_LIMIT_DEPTH MATCH_LIMIT
| #define HEAP_LIMIT 20000000
| #define MAX_NAME_SIZE 32
| #define MAX_NAME_COUNT 10000
| /* end confdefs.h.  */
| 
| int
| main (void)
| {
| #ifndef __CET__
| # error CET is not enabled
| #endif
|   ;
|   return 0;
| }
configure:16223: result: no
configure:16363: checking that generated files are newer than configure
configure:16369: result: done
configure:16432: creating ./config.status

## ---------------------- ##
## Running config.status. ##
## ---------------------- ##

This file was extended by PCRE2 config.status 10.40, which was
generated by GNU Autoconf 2.71.  Invocation command line was

  CONFIG_FILES    = 
  CONFIG_HEADERS  = 
  CONFIG_LINKS    = 
  CONFIG_COMMANDS = 
  $ ./config.status 

on instance-20220112-2214

config.status:1209: creating Makefile
config.status:1209: creating libpcre2-8.pc
config.status:1209: creating libpcre2-16.pc
config.status:1209: creating libpcre2-32.pc
config.status:1209: creating libpcre2-posix.pc
config.status:1209: creating pcre2-config
config.status:1209: creating src/pcre2.h
config.status:1209: creating src/config.h
config.status:1390: src/config.h is unchanged
config.status:1438: executing depfiles commands
config.status:1515: cd .       && sed -e '/# am--include-marker/d' Makefile         | make -f - am--depfiles
make: Nothing to be done for 'am--depfiles'.
config.status:1520: $? = 0
config.status:1438: executing libtool commands
config.status:1438: executing script-chmod commands
config.status:1438: executing delete-old-chartables commands

## ---------------- ##
## Cache variables. ##
## ---------------- ##

ac_cv_build=x86_64-pc-linux-gnu
ac_cv_c_compiler_gnu=yes
ac_cv_c_const=yes
ac_cv_c_int64_t=yes
ac_cv_env_CC_set=
ac_cv_env_CC_value=
ac_cv_env_CFLAGS_set=
ac_cv_env_CFLAGS_value=
ac_cv_env_CPPFLAGS_set=
ac_cv_env_CPPFLAGS_value=
ac_cv_env_GENHTML_set=
ac_cv_env_GENHTML_value=
ac_cv_env_LCOV_set=
ac_cv_env_LCOV_value=
ac_cv_env_LDFLAGS_set=
ac_cv_env_LDFLAGS_value=
ac_cv_env_LIBS_set=
ac_cv_env_LIBS_value=
ac_cv_env_LT_SYS_LIBRARY_PATH_set=
ac_cv_env_LT_SYS_LIBRARY_PATH_value=
ac_cv_env_PKG_CONFIG_LIBDIR_set=
ac_cv_env_PKG_CONFIG_LIBDIR_value=
ac_cv_env_PKG_CONFIG_PATH_set=
ac_cv_env_PKG_CONFIG_PATH_value=
ac_cv_env_PKG_CONFIG_set=
ac_cv_env_PKG_CONFIG_value=
ac_cv_env_VALGRIND_CFLAGS_set=
ac_cv_env_VALGRIND_CFLAGS_value=
ac_cv_env_VALGRIND_LIBS_set=
ac_cv_env_VALGRIND_LIBS_value=
ac_cv_env_build_alias_set=
ac_cv_env_build_alias_value=
ac_cv_env_host_alias_set=
ac_cv_env_host_alias_value=
ac_cv_env_target_alias_set=
ac_cv_env_target_alias_value=
ac_cv_func_bcopy=yes
ac_cv_func_memfd_create=yes
ac_cv_func_memmove=yes
ac_cv_func_mkostemp=yes
ac_cv_func_secure_getenv=yes
ac_cv_func_strerror=yes
ac_cv_header_bzlib_h=yes
ac_cv_header_dirent_h=yes
ac_cv_header_dlfcn_h=yes
ac_cv_header_inttypes_h=yes
ac_cv_header_limits_h=yes
ac_cv_header_minix_config_h=no
ac_cv_header_readline_history_h=yes
ac_cv_header_readline_readline_h=yes
ac_cv_header_stdint_h=yes
ac_cv_header_stdio_h=yes
ac_cv_header_stdlib_h=yes
ac_cv_header_string_h=yes
ac_cv_header_strings_h=yes
ac_cv_header_sys_stat_h=yes
ac_cv_header_sys_types_h=yes
ac_cv_header_sys_wait_h=yes
ac_cv_header_unistd_h=yes
ac_cv_header_wchar_h=yes
ac_cv_header_windows_h=no
ac_cv_header_zlib_h=yes
ac_cv_host=x86_64-pc-linux-gnu
ac_cv_lib_readline_readline=yes
ac_cv_lib_z_gzopen=yes
ac_cv_objext=o
ac_cv_path_EGREP='/usr/bin/grep -E'
ac_cv_path_FGREP='/usr/bin/grep -F'
ac_cv_path_GREP=/usr/bin/grep
ac_cv_path_SED=/usr/bin/sed
ac_cv_path_install='/usr/bin/install -c'
ac_cv_path_lt_DD=/usr/bin/dd
ac_cv_path_mkdir=/usr/bin/mkdir
ac_cv_prog_AWK=gawk
ac_cv_prog_ac_ct_AR=ar
ac_cv_prog_ac_ct_CC=gcc
ac_cv_prog_ac_ct_FILECMD=file
ac_cv_prog_ac_ct_OBJDUMP=objdump
ac_cv_prog_ac_ct_RANLIB=ranlib
ac_cv_prog_ac_ct_STRIP=strip
ac_cv_prog_cc_c11=
ac_cv_prog_cc_g=yes
ac_cv_prog_cc_stdc=
ac_cv_prog_make_make_set=yes
ac_cv_safe_to_define___extensions__=yes
ac_cv_should_define__xopen_source=no
ac_cv_type_size_t=yes
am_cv_CC_dependencies_compiler_type=gcc3
am_cv_ar_interface=ar
am_cv_make_support_nested_variables=yes
am_cv_prog_cc_c_o=yes
ax_cv_PTHREAD_PRIO_INHERIT=yes
lt_cv_ar_at_file=@
lt_cv_archive_cmds_need_lc=no
lt_cv_deplibs_check_method=pass_all
lt_cv_file_magic_cmd='$MAGIC_CMD'
lt_cv_file_magic_test_file=
lt_cv_ld_reload_flag=-r
lt_cv_nm_interface='BSD nm'
lt_cv_objdir=.libs
lt_cv_path_LD=/usr/bin/ld
lt_cv_path_NM='/usr/bin/nm -B'
lt_cv_path_mainfest_tool=no
lt_cv_prog_compiler_c_o=yes
lt_cv_prog_compiler_pic='-fPIC -DPIC'
lt_cv_prog_compiler_pic_works=yes
lt_cv_prog_compiler_rtti_exceptions=no
lt_cv_prog_compiler_static_works=no
lt_cv_prog_gnu_ld=yes
lt_cv_sharedlib_from_linklib_cmd='printf %s\n'
lt_cv_shlibpath_overrides_runpath=no
lt_cv_sys_global_symbol_pipe='/usr/bin/sed -n -e '\''s/^.*[	 ]\([ABCDGIRSTW][ABCDGIRSTW]*\)[	 ][	 ]*\([_A-Za-z][_A-Za-z0-9]*\)$/\1 \2 \2/p'\'' | /usr/bin/sed '\''/ __gnu_lto/d'\'''
lt_cv_sys_global_symbol_to_c_name_address='/usr/bin/sed -n -e '\''s/^: \(.*\) .*$/  {"\1", (void *) 0},/p'\'' -e '\''s/^[ABCDGIRSTW][ABCDGIRSTW]* .* \(.*\)$/  {"\1", (void *) \&\1},/p'\'''
lt_cv_sys_global_symbol_to_c_name_address_lib_prefix='/usr/bin/sed -n -e '\''s/^: \(.*\) .*$/  {"\1", (void *) 0},/p'\'' -e '\''s/^[ABCDGIRSTW][ABCDGIRSTW]* .* \(lib.*\)$/  {"\1", (void *) \&\1},/p'\'' -e '\''s/^[ABCDGIRSTW][ABCDGIRSTW]* .* \(.*\)$/  {"lib\1", (void *) \&\1},/p'\'''
lt_cv_sys_global_symbol_to_cdecl='/usr/bin/sed -n -e '\''s/^T .* \(.*\)$/extern int \1();/p'\'' -e '\''s/^[ABCDGIRSTW][ABCDGIRSTW]* .* \(.*\)$/extern char \1;/p'\'''
lt_cv_sys_global_symbol_to_import=
lt_cv_sys_max_cmd_len=1572864
lt_cv_to_host_file_cmd=func_convert_file_noop
lt_cv_to_tool_file_cmd=func_convert_file_noop
lt_cv_truncate_bin='/usr/bin/dd bs=4096 count=1'
pcre2_cc_cv_attribute_uninitialized=no
pcre2_cc_cv_intel_cet_enabled=no
pcre2_cv_cc_vis_werror=yes
pcre2_cv_cc_visibility=yes

## ----------------- ##
## Output variables. ##
## ----------------- ##

ACLOCAL='${SHELL} '\''/home/opc/workspace/languages/rust/pcre2-10.40/missing'\'' aclocal-1.16'
AMDEPBACKSLASH='\'
AMDEP_FALSE='#'
AMDEP_TRUE=''
AMTAR='$${TAR-tar}'
AM_BACKSLASH='\'
AM_DEFAULT_V='$(AM_DEFAULT_VERBOSITY)'
AM_DEFAULT_VERBOSITY='0'
AM_V='$(V)'
AR='ar'
AS='as'
AUTOCONF='${SHELL} '\''/home/opc/workspace/languages/rust/pcre2-10.40/missing'\'' autoconf'
AUTOHEADER='${SHELL} '\''/home/opc/workspace/languages/rust/pcre2-10.40/missing'\'' autoheader'
AUTOMAKE='${SHELL} '\''/home/opc/workspace/languages/rust/pcre2-10.40/missing'\'' automake-1.16'
AWK='gawk'
CC='gcc'
CCDEPMODE='depmode=gcc3'
CET_CFLAGS=''
CFLAGS='-pthread -O2'
CPPFLAGS=''
CSCOPE='cscope'
CTAGS='ctags'
CYGPATH_W='echo'
DEFS='-DHAVE_CONFIG_H'
DEPDIR='.deps'
DISTCHECK_CONFIGURE_FLAGS='CFLAGS='\'''\'' CXXFLAGS='\'''\'' --enable-pcre2-16 --enable-pcre2-32 --enable-jit'
DLLTOOL='false'
DSYMUTIL=''
DUMPBIN=''
ECHO_C=''
ECHO_N='-n'
ECHO_T=''
EGREP='/usr/bin/grep -E'
ETAGS='etags'
EXEEXT=''
EXTRA_LIBPCRE2_16_LDFLAGS='    -version-info 11:0:11'
EXTRA_LIBPCRE2_32_LDFLAGS='    -version-info 11:0:11'
EXTRA_LIBPCRE2_8_LDFLAGS='    -version-info 11:0:11'
EXTRA_LIBPCRE2_POSIX_LDFLAGS='    -version-info 3:2:0'
FGREP='/usr/bin/grep -F'
FILECMD='file'
GCOV_CFLAGS=''
GCOV_CXXFLAGS=''
GCOV_LIBS=''
GENHTML=''
GREP='/usr/bin/grep'
HAVE_VISIBILITY='1'
INSTALL_DATA='${INSTALL} -m 644'
INSTALL_PROGRAM='${INSTALL}'
INSTALL_SCRIPT='${INSTALL}'
INSTALL_STRIP_PROGRAM='$(install_sh) -c -s'
LCOV=''
LD='/usr/bin/ld -m elf_x86_64'
LDFLAGS=''
LIBBZ2='-lbz2'
LIBOBJS=''
LIBREADLINE='-lreadline'
LIBS=' '
LIBTOOL='$(SHELL) $(top_builddir)/libtool'
LIBZ='-lz'
LIB_POSTFIX=''
LIPO=''
LN_S='ln -s'
LTLIBOBJS=''
LT_SYS_LIBRARY_PATH=''
MAKEINFO='${SHELL} '\''/home/opc/workspace/languages/rust/pcre2-10.40/missing'\'' makeinfo'
MANIFEST_TOOL=':'
MKDIR_P='/usr/bin/mkdir -p'
NM='/usr/bin/nm -B'
NMEDIT=''
OBJDUMP='objdump'
OBJEXT='o'
OTOOL64=''
OTOOL=''
PACKAGE='pcre2'
PACKAGE_BUGREPORT=''
PACKAGE_NAME='PCRE2'
PACKAGE_STRING='PCRE2 10.40'
PACKAGE_TARNAME='pcre2'
PACKAGE_URL=''
PACKAGE_VERSION='10.40'
PATH_SEPARATOR=':'
PCRE2_DATE='2022-04-14'
PCRE2_MAJOR='10'
PCRE2_MINOR='40'
PCRE2_PRERELEASE=''
PCRE2_STATIC_CFLAG=''
PKG_CONFIG=''
PKG_CONFIG_LIBDIR=''
PKG_CONFIG_PATH=''
PTHREAD_CC='gcc'
PTHREAD_CFLAGS='-pthread'
PTHREAD_LIBS=''
RANLIB='ranlib'
SED='/usr/bin/sed'
SET_MAKE=''
SHELL='/bin/sh'
SHTOOL=''
STRIP='strip'
VALGRIND_CFLAGS=''
VALGRIND_LIBS=''
VERSION='10.40'
VISIBILITY_CFLAGS='-fvisibility=hidden'
VISIBILITY_CXXFLAGS='-fvisibility=hidden -fvisibility-inlines-hidden'
WITH_DEBUG_FALSE=''
WITH_DEBUG_TRUE='#'
WITH_FUZZ_SUPPORT_FALSE=''
WITH_FUZZ_SUPPORT_TRUE='#'
WITH_GCOV_FALSE=''
WITH_GCOV_TRUE='#'
WITH_JIT_FALSE='#'
WITH_JIT_TRUE=''
WITH_PCRE2_16_FALSE='#'
WITH_PCRE2_16_TRUE=''
WITH_PCRE2_32_FALSE='#'
WITH_PCRE2_32_TRUE=''
WITH_PCRE2_8_FALSE='#'
WITH_PCRE2_8_TRUE=''
WITH_REBUILD_CHARTABLES_FALSE=''
WITH_REBUILD_CHARTABLES_TRUE='#'
WITH_UNICODE_FALSE='#'
WITH_UNICODE_TRUE=''
WITH_VALGRIND_FALSE=''
WITH_VALGRIND_TRUE='#'
ac_ct_AR='ar'
ac_ct_CC='gcc'
ac_ct_DUMPBIN=''
am__EXEEXT_FALSE=''
am__EXEEXT_TRUE='#'
am__fastdepCC_FALSE='#'
am__fastdepCC_TRUE=''
am__include='include'
am__isrc=''
am__leading_dot='.'
am__nodep='_no'
am__quote=''
am__tar='$${TAR-tar} chof - "$$tardir"'
am__untar='$${TAR-tar} xf -'
ax_pthread_config=''
bindir='${exec_prefix}/bin'
build='x86_64-pc-linux-gnu'
build_alias=''
build_cpu='x86_64'
build_os='linux-gnu'
build_vendor='pc'
datadir='${datarootdir}'
datarootdir='${prefix}/share'
docdir='/usr/share/doc/pcre2-10.40'
dvidir='${docdir}'
enable_pcre2_16='yes'
enable_pcre2_32='yes'
enable_pcre2_8='yes'
exec_prefix='${prefix}'
host='x86_64-pc-linux-gnu'
host_alias=''
host_cpu='x86_64'
host_os='linux-gnu'
host_vendor='pc'
htmldir='${docdir}/html'
includedir='${prefix}/include'
infodir='${datarootdir}/info'
install_sh='${SHELL} /home/opc/workspace/languages/rust/pcre2-10.40/install-sh'
libdir='${exec_prefix}/lib'
libexecdir='${exec_prefix}/libexec'
localedir='${datarootdir}/locale'
localstatedir='${prefix}/var'
mandir='${datarootdir}/man'
mkdir_p='$(MKDIR_P)'
oldincludedir='/usr/include'
pdfdir='${docdir}'
prefix='/usr'
program_transform_name='s,x,x,'
psdir='${docdir}'
runstatedir='${localstatedir}/run'
sbindir='${exec_prefix}/sbin'
sharedstatedir='${prefix}/com'
sysconfdir='${prefix}/etc'
target_alias=''

## ----------- ##
## confdefs.h. ##
## ----------- ##

/* confdefs.h */
#define PACKAGE_NAME "PCRE2"
#define PACKAGE_TARNAME "pcre2"
#define PACKAGE_VERSION "10.40"
#define PACKAGE_STRING "PCRE2 10.40"
#define PACKAGE_BUGREPORT ""
#define PACKAGE_URL ""
#define PACKAGE "pcre2"
#define VERSION "10.40"
#define HAVE_STDIO_H 1
#define HAVE_STDLIB_H 1
#define HAVE_STRING_H 1
#define HAVE_INTTYPES_H 1
#define HAVE_STDINT_H 1
#define HAVE_STRINGS_H 1
#define HAVE_SYS_STAT_H 1
#define HAVE_SYS_TYPES_H 1
#define HAVE_UNISTD_H 1
#define HAVE_WCHAR_H 1
#define STDC_HEADERS 1
#define _ALL_SOURCE 1
#define _DARWIN_C_SOURCE 1
#define _GNU_SOURCE 1
#define _HPUX_ALT_XOPEN_SOCKET_API 1
#define _NETBSD_SOURCE 1
#define _OPENBSD_SOURCE 1
#define _POSIX_PTHREAD_SEMANTICS 1
#define __STDC_WANT_IEC_60559_ATTRIBS_EXT__ 1
#define __STDC_WANT_IEC_60559_BFP_EXT__ 1
#define __STDC_WANT_IEC_60559_DFP_EXT__ 1
#define __STDC_WANT_IEC_60559_FUNCS_EXT__ 1
#define __STDC_WANT_IEC_60559_TYPES_EXT__ 1
#define __STDC_WANT_LIB_EXT2__ 1
#define __STDC_WANT_MATH_SPEC_FUNCS__ 1
#define _TANDEM_SOURCE 1
#define __EXTENSIONS__ 1
#define HAVE_DLFCN_H 1
#define LT_OBJDIR ".libs/"
#define PCRE2_EXP_DECL extern __attribute__ ((visibility ("default")))
#define PCRE2_EXP_DEFN __attribute__ ((visibility ("default")))
#define PCRE2POSIX_EXP_DECL extern __attribute__ ((visibility ("default")))
#define PCRE2POSIX_EXP_DEFN extern __attribute__ ((visibility ("default")))
#define HAVE_VISIBILITY 1
#define HAVE_LIMITS_H 1
#define HAVE_SYS_TYPES_H 1
#define HAVE_SYS_STAT_H 1
#define HAVE_DIRENT_H 1
#define HAVE_SYS_WAIT_H 1
#define HAVE_BCOPY 1
#define HAVE_MEMFD_CREATE 1
#define HAVE_MEMMOVE 1
#define HAVE_MKOSTEMP 1
#define HAVE_SECURE_GETENV 1
#define HAVE_STRERROR 1
#define HAVE_REALPATH 1
#define HAVE_ZLIB_H 1
#define HAVE_BZLIB_H 1
#define HAVE_READLINE_READLINE_H 1
#define HAVE_READLINE_HISTORY_H 1
#define SUPPORT_PCRE2_8 /**/
#define SUPPORT_PCRE2_16 /**/
#define SUPPORT_PCRE2_32 /**/
#define HAVE_PTHREAD_PRIO_INHERIT 1
#define HAVE_PTHREAD 1
#define SUPPORT_JIT /**/
#define SUPPORT_PCRE2GREP_JIT /**/
#define SUPPORT_PCRE2GREP_CALLOUT_FORK /**/
#define SUPPORT_PCRE2GREP_CALLOUT /**/
#define SUPPORT_UNICODE /**/
#define SUPPORT_LIBZ /**/
#define SUPPORT_LIBBZ2 /**/
#define PCRE2GREP_BUFSIZE 20480
#define PCRE2GREP_MAX_BUFSIZE 1048576
#define SUPPORT_LIBREADLINE /**/
#define NEWLINE_DEFAULT 2
#define LINK_SIZE 2
#define PARENS_NEST_LIMIT 250
#define MATCH_LIMIT 10000000
#define MATCH_LIMIT_DEPTH MATCH_LIMIT
#define HEAP_LIMIT 20000000
#define MAX_NAME_SIZE 32
#define MAX_NAME_COUNT 10000

configure: exit 0
